2019-03-02T10:51:59.237Z - normal: Load ~/.CocosCreator/settings.json
2019-03-02T10:51:59.271Z - normal: Initializing Asset Database
2019-03-02T10:51:59.275Z - normal: checking language setting...
2019-03-02T10:51:59.275Z - normal: Language: zh
2019-03-02T10:51:59.811Z - success: preview server running at http://localhost:7456
2019-03-02T10:51:59.843Z - success: protocol editor-framework registered
2019-03-02T10:51:59.843Z - success: protocol app registered
2019-03-02T10:51:59.843Z - success: protocol theme registered
2019-03-02T10:51:59.844Z - success: protocol packages registered
2019-03-02T10:51:59.844Z - success: protocol uuid registerred
2019-03-02T10:51:59.844Z - success: protocol db registerred
2019-03-02T10:51:59.844Z - success: protocol thumbnail registerred
2019-03-02T10:51:59.844Z - success: protocol unpack registerred
2019-03-02T10:51:59.844Z - success: protocol disable-commonjs registerred
2019-03-02T10:51:59.960Z - normal: connected!
2019-03-02T10:51:59.961Z - normal: Check project /Users/chenfarong/xsm
2019-03-02T10:51:59.963Z - normal: Initializing project /Users/chenfarong/xsm
2019-03-02T10:52:00.447Z - normal: Initializing Cocos2d
2019-03-02T10:52:00.989Z - normal: Initializing engine extends
2019-03-02T10:52:00.991Z - normal: Loading editor/builtin packages from /Applications/CocosCreator.app/Contents/Resources/app.asar/editor/builtin
2019-03-02T10:52:00.996Z - normal: Loading builtin packages from /Applications/CocosCreator.app/Contents/Resources/builtin
2019-03-02T10:52:01.539Z - success: assets loaded
2019-03-02T10:52:01.540Z - success: asset-db-debugger loaded
2019-03-02T10:52:01.576Z - success: builder loaded
2019-03-02T10:52:01.576Z - success: color-picker loaded
2019-03-02T10:52:01.676Z - success: cocos-analytics loaded
2019-03-02T10:52:01.677Z - success: google-play-instant loaded
2019-03-02T10:52:01.691Z - success: console loaded
2019-03-02T10:52:01.691Z - success: jsb-adapter loaded
2019-03-02T10:52:01.929Z - success: fb-instant-games loaded
2019-03-02T10:52:01.929Z - success: oppo-runtime loaded
2019-03-02T10:52:01.947Z - success: google-instant-games loaded
2019-03-02T10:52:01.947Z - success: package-manager loaded
2019-03-02T10:52:02.092Z - success: hierarchy loaded
2019-03-02T10:52:02.093Z - success: qqplay-adapter loaded
2019-03-02T10:52:02.211Z - success: inspector loaded
2019-03-02T10:52:02.211Z - success: sdkbox loaded
2019-03-02T10:52:02.224Z - success: keystore loaded
2019-03-02T10:52:02.224Z - success: tester loaded
2019-03-02T10:52:02.241Z - success: node-library loaded
2019-03-02T10:52:02.242Z - success: ui-grid loaded
2019-03-02T10:52:02.252Z - success: package-asset loaded
2019-03-02T10:52:02.252Z - success: ui-kit-preview-extra loaded
2019-03-02T10:52:02.266Z - success: preferences loaded
2019-03-02T10:52:02.267Z - success: ui-kit-preview loaded
2019-03-02T10:52:02.280Z - success: project-exporter loaded
2019-03-02T10:52:02.280Z - success: ui-kit loaded
2019-03-02T10:52:02.372Z - normal: Loading packages
2019-03-02T10:52:02.374Z - success: project-importer loaded
2019-03-02T10:52:02.375Z - success: ui-tree loaded
2019-03-02T10:52:02.384Z - success: project-settings loaded
2019-03-02T10:52:02.385Z - success: vivo-runtime loaded
2019-03-02T10:52:02.395Z - success: scene loaded
2019-03-02T10:52:02.396Z - success: weapp-adapter loaded
2019-03-02T10:52:02.397Z - success: simulator-debugger loaded
2019-03-02T10:52:02.398Z - success: sprite-editor loaded
2019-03-02T10:52:02.407Z - success: store loaded
2019-03-02T10:52:02.416Z - success: timeline loaded
2019-03-02T10:52:02.417Z - normal: Watching packages
2019-03-02T10:52:02.493Z - normal: Run Application
2019-03-02T11:21:09.118Z - normal: Simulator: WORKAREA WIDTH 1612.00, HEIGHT 1005.00
2019-03-02T11:21:09.119Z - normal: Simulator: FRAME SCALE = 1.00
2019-03-02T11:21:09.192Z - normal: Simulator: GLFWError #65544 Happen, Cocoa: Failed to retrieve display name
2019-03-02T11:21:09.192Z - normal: Simulator: 
2019-03-02T11:21:09.192Z - normal: Simulator: {
2019-03-02T11:21:09.192Z - normal: Simulator: 	build_type: DEBUG
2019-03-02T11:21:09.193Z - normal: Simulator: 	gl.vendor: ATI Technologies Inc.
2019-03-02T11:21:09.204Z - normal: Simulator: 	gl.supports_PVRTC: false
2019-03-02T11:21:09.204Z - normal: Simulator: 	gl.renderer: AMD Radeon Pro 560 OpenGL Engine
2019-03-02T11:21:09.205Z - normal: Simulator: 	gl.supports_ATITC: false
2019-03-02T11:21:09.205Z - normal: Simulator: 	gl.supports_discard_framebuffer: false
2019-03-02T11:21:09.205Z - normal: Simulator: 	gl.supports_NPOT: true
2019-03-02T11:21:09.205Z - normal: Simulator: 	gl.max_texture_units: 16
2019-03-02T11:21:09.205Z - normal: Simulator: 	gl.supports_ETC1: false
2019-03-02T11:21:09.206Z - normal: Simulator: 	gl.max_texture_size: 16384
2019-03-02T11:21:09.206Z - normal: Simulator: 	gl.supports_BGRA8888: false
2019-03-02T11:21:09.206Z - normal: Simulator: 	gl.supports_vertex_array_object: true
2019-03-02T11:21:09.206Z - normal: Simulator: 	gl.supports_OES_map_buffer: false
2019-03-02T11:21:09.206Z - normal: Simulator: 	compiled_with_gl_state_cache: true
2019-03-02T11:21:09.206Z - normal: Simulator: 	gl.supports_OES_packed_depth_stencil: false
2019-03-02T11:21:09.207Z - normal: Simulator: 	gl.version: 2.1 ATI-2.2.8
2019-03-02T11:21:09.207Z - normal: Simulator: 	gl.supports_S3TC: true
2019-03-02T11:21:09.207Z - normal: Simulator: 	compiled_with_profiler: false
2019-03-02T11:21:09.207Z - normal: Simulator: 	gl.supports_OES_depth24: false
2019-03-02T11:21:09.207Z - normal: Simulator: }
2019-03-02T11:21:09.250Z - normal: Simulator: Project Config:
2019-03-02T11:21:09.250Z - normal: Simulator:     project dir: /Applications/CocosCreator.app/Contents/Resources/cocos2d-x/simulator/mac/Simulator.app/Contents/Resources/
2019-03-02T11:21:09.251Z - normal: Simulator:     writable path: $(PROJDIR)/
2019-03-02T11:21:09.251Z - normal: Simulator:     script file: $(PROJDIR)/main.js
2019-03-02T11:21:09.251Z - normal: Simulator:     frame size: 960 x 640
2019-03-02T11:21:09.251Z - normal: Simulator:     frame scale: 1.00
2019-03-02T11:21:09.251Z - normal: Simulator:     show console: NO
2019-03-02T11:21:09.252Z - normal: Simulator:     write debug log: NO ()
2019-03-02T11:21:09.252Z - normal: Simulator:     listen: 
2019-03-02T11:21:09.252Z - normal: Simulator:     debugger: none
2019-03-02T11:21:09.252Z - normal: Simulator:     add searching path:
2019-03-02T11:21:09.253Z - normal: Simulator: resetDesignResolution request
2019-03-02T11:21:09.253Z - normal: Simulator: ------------------------------------------------
2019-03-02T11:21:09.253Z - normal: Simulator: LOAD Js FILE: jsb-adapter/jsb-builtin.js
2019-03-02T11:21:09.253Z - normal: Simulator: ------------------------------------------------
2019-03-02T11:21:09.254Z - normal: Simulator: Initializing V8, version: 6.0.286.52
2019-03-02T11:21:09.484Z - normal: Simulator: libuv version: 1.23.1-dev
2019-03-02T11:21:09.485Z - normal: Simulator: Debugger listening..., visit [ chrome-devtools://devtools/bundled/inspector.html?v8only=true&ws=0.0.0.0:5086/00010002-0003-4004-8005-000600070008 ] in chrome browser to debug!
2019-03-02T11:21:09.485Z - normal: Simulator: For help see https://nodejs.org/en/docs/inspector
2019-03-02T11:21:09.516Z - normal: Simulator: JS: Enable batch GL commands optimization!
2019-03-02T11:21:09.517Z - normal: Simulator: resetDesignResolution request
2019-03-02T11:21:09.518Z - normal: Simulator: ------------------------------------------------
2019-03-02T11:21:09.518Z - normal: Simulator: LOAD Js FILE: main.js
2019-03-02T11:21:09.518Z - normal: Simulator: ------------------------------------------------
2019-03-02T11:21:09.826Z - normal: Simulator: iShow!
2019-03-02T11:21:09.929Z - normal: Simulator: glGetIntegerv: pname: 0x8b4c
2019-03-02T11:21:09.940Z - normal: Simulator: JS: Cocos Creator v2.1.0
2019-03-02T11:21:10.025Z - normal: Simulator: JS: [WARN]: The 'cc.eventManager' will be removed in v2.0, please use 'cc.EventTarget or cc.systemEvent' instead.
2019-03-02T11:21:11.946Z - normal: Simulator: JS: click connect
2019-03-02T11:21:12.356Z - normal: Simulator: JS: connected ws://test.9966886699.com:8086/game
2019-03-02T11:21:12.356Z - normal: Simulator: JS: xxxxxxxxx
2019-03-02T11:21:12.573Z - normal: Simulator: Debugger attached.
2019-03-02T11:21:37.658Z - normal: Simulator: ScriptEngine::cleanup begin ...
2019-03-02T11:21:37.659Z - normal: Simulator: GC begin ..., (js->native map) size: 30, all objects: 70
2019-03-02T11:21:37.701Z - normal: Simulator: GC end ..., (js->native map) size: 30, all objects: 70
2019-03-02T11:21:37.701Z - normal: Simulator: GC begin ..., (js->native map) size: 30, all objects: 70
2019-03-02T11:21:37.740Z - normal: Simulator: GC end ..., (js->native map) size: 30, all objects: 70
2019-03-02T11:21:37.740Z - normal: Simulator: Destroy WebGLProgram (3) by GC
2019-03-02T11:21:37.740Z - normal: Simulator: Destroy WebGLFramebuffer (1) by GC
2019-03-02T11:21:37.740Z - normal: Simulator: Destroy WebGLTexture (12) by GC
2019-03-02T11:21:37.741Z - normal: Simulator: Destroy WebGLBuffer (3) by GC
2019-03-02T11:21:37.742Z - normal: Simulator: Destroy WebGLTexture (11) by GC
2019-03-02T11:21:37.743Z - normal: Simulator: Destroy WebGLTexture (10) by GC
2019-03-02T11:21:37.743Z - normal: Simulator: Destroy WebGLTexture (9) by GC
2019-03-02T11:21:37.744Z - normal: Simulator: Destroy WebGLTexture (5) by GC
2019-03-02T11:21:37.744Z - normal: Simulator: Destroy WebGLTexture (8) by GC
2019-03-02T11:21:37.744Z - normal: Simulator: Destroy WebGLTexture (7) by GC
2019-03-02T11:21:37.744Z - normal: Simulator: Destroy WebGLBuffer (8) by GC
2019-03-02T11:21:37.744Z - normal: Simulator: Destroy WebGLTexture (6) by GC
2019-03-02T11:21:37.745Z - normal: Simulator: Destroy WebGLTexture (4) by GC
2019-03-02T11:21:37.745Z - normal: Simulator: Destroy WebGLTexture (13) by GC
2019-03-02T11:21:37.745Z - normal: Simulator: Destroy WebGLTexture (1) by GC
2019-03-02T11:21:37.745Z - normal: Simulator: Destroy WebGLBuffer (1) by GC
2019-03-02T11:21:37.745Z - normal: Simulator: Destroy WebGLTexture (2) by GC
2019-03-02T11:21:37.745Z - normal: Simulator: Destroy WebGLBuffer (7) by GC
2019-03-02T11:21:37.745Z - normal: Simulator: Destroy WebGLBuffer (6) by GC
2019-03-02T11:21:37.746Z - normal: Simulator: Destroy WebGLBuffer (5) by GC
2019-03-02T11:21:37.746Z - normal: Simulator: Destroy WebGLBuffer (4) by GC
2019-03-02T11:21:37.746Z - normal: Simulator: Destroy WebGLTexture (3) by GC
2019-03-02T11:21:37.746Z - normal: Simulator: Destroy WebGLBuffer (2) by GC
2019-03-02T11:21:37.746Z - normal: Simulator: GC begin ..., (js->native map) size: 0, all objects: 0
2019-03-02T11:21:37.779Z - normal: Simulator: GC end ..., (js->native map) size: 0, all objects: 0
2019-03-02T11:21:37.783Z - normal: Simulator: ScriptEngine::cleanup end ...
2019-03-02T11:23:04.311Z - normal: Simulator: WORKAREA WIDTH 1612.00, HEIGHT 1005.00
2019-03-02T11:23:04.313Z - normal: Simulator: FRAME SCALE = 1.00
2019-03-02T11:23:04.381Z - normal: Simulator: GLFWError #65544 Happen, Cocoa: Failed to retrieve display name
2019-03-02T11:23:04.382Z - normal: Simulator: 
2019-03-02T11:23:04.382Z - normal: Simulator: {
2019-03-02T11:23:04.382Z - normal: Simulator: 	build_type: DEBUG
2019-03-02T11:23:04.399Z - normal: Simulator: 	gl.vendor: ATI Technologies Inc.
2019-03-02T11:23:04.400Z - normal: Simulator: 	gl.supports_PVRTC: false
2019-03-02T11:23:04.400Z - normal: Simulator: 	gl.renderer: AMD Radeon Pro 560 OpenGL Engine
2019-03-02T11:23:04.400Z - normal: Simulator: 	gl.supports_ATITC: false
2019-03-02T11:23:04.400Z - normal: Simulator: 	gl.supports_discard_framebuffer: false
2019-03-02T11:23:04.401Z - normal: Simulator: 	gl.supports_NPOT: true
2019-03-02T11:23:04.401Z - normal: Simulator: 	gl.max_texture_units: 16
2019-03-02T11:23:04.401Z - normal: Simulator: 	gl.supports_ETC1: false
2019-03-02T11:23:04.401Z - normal: Simulator: 	gl.max_texture_size: 16384
2019-03-02T11:23:04.401Z - normal: Simulator: 	gl.supports_BGRA8888: false
2019-03-02T11:23:04.402Z - normal: Simulator: 	gl.supports_vertex_array_object: true
2019-03-02T11:23:04.402Z - normal: Simulator: 	gl.supports_OES_map_buffer: false
2019-03-02T11:23:04.402Z - normal: Simulator: 	compiled_with_gl_state_cache: true
2019-03-02T11:23:04.402Z - normal: Simulator: 	gl.supports_OES_packed_depth_stencil: false
2019-03-02T11:23:04.402Z - normal: Simulator: 	gl.version: 2.1 ATI-2.2.8
2019-03-02T11:23:04.403Z - normal: Simulator: 	gl.supports_S3TC: true
2019-03-02T11:23:04.403Z - normal: Simulator: 	compiled_with_profiler: false
2019-03-02T11:23:04.403Z - normal: Simulator: 	gl.supports_OES_depth24: false
2019-03-02T11:23:04.403Z - normal: Simulator: }
2019-03-02T11:23:04.435Z - normal: Simulator: Project Config:
2019-03-02T11:23:04.435Z - normal: Simulator:     project dir: /Applications/CocosCreator.app/Contents/Resources/cocos2d-x/simulator/mac/Simulator.app/Contents/Resources/
2019-03-02T11:23:04.436Z - normal: Simulator:     writable path: $(PROJDIR)/
2019-03-02T11:23:04.436Z - normal: Simulator:     script file: $(PROJDIR)/main.js
2019-03-02T11:23:04.437Z - normal: Simulator:     frame size: 960 x 640
2019-03-02T11:23:04.437Z - normal: Simulator:     frame scale: 1.00
2019-03-02T11:23:04.437Z - normal: Simulator:     show console: NO
2019-03-02T11:23:04.437Z - normal: Simulator:     write debug log: NO ()
2019-03-02T11:23:04.438Z - normal: Simulator:     listen: 
2019-03-02T11:23:04.438Z - normal: Simulator:     debugger: none
2019-03-02T11:23:04.438Z - normal: Simulator:     add searching path:
2019-03-02T11:23:04.438Z - normal: Simulator: resetDesignResolution request
2019-03-02T11:23:04.438Z - normal: Simulator: ------------------------------------------------
2019-03-02T11:23:04.438Z - normal: Simulator: LOAD Js FILE: jsb-adapter/jsb-builtin.js
2019-03-02T11:23:04.439Z - normal: Simulator: ------------------------------------------------
2019-03-02T11:23:04.439Z - normal: Simulator: Initializing V8, version: 6.0.286.52
2019-03-02T11:23:04.689Z - normal: Simulator: libuv version: 1.23.1-dev
2019-03-02T11:23:04.689Z - normal: Simulator: Debugger listening..., visit [ chrome-devtools://devtools/bundled/inspector.html?v8only=true&ws=0.0.0.0:5086/00010002-0003-4004-8005-000600070008 ] in chrome browser to debug!
2019-03-02T11:23:04.689Z - normal: Simulator: For help see https://nodejs.org/en/docs/inspector
2019-03-02T11:23:04.730Z - normal: Simulator: JS: Enable batch GL commands optimization!
2019-03-02T11:23:04.731Z - normal: Simulator: resetDesignResolution request
2019-03-02T11:23:04.732Z - normal: Simulator: ------------------------------------------------
2019-03-02T11:23:04.732Z - normal: Simulator: LOAD Js FILE: main.js
2019-03-02T11:23:04.732Z - normal: Simulator: ------------------------------------------------
2019-03-02T11:23:05.091Z - normal: Simulator: iShow!
2019-03-02T11:23:05.193Z - normal: Simulator: glGetIntegerv: pname: 0x8b4c
2019-03-02T11:23:05.201Z - normal: Simulator: JS: Cocos Creator v2.1.0
2019-03-02T11:23:05.288Z - normal: Simulator: JS: [WARN]: The 'cc.eventManager' will be removed in v2.0, please use 'cc.EventTarget or cc.systemEvent' instead.
2019-03-02T11:23:07.868Z - normal: Simulator: Debugger attached.
2019-03-02T11:23:27.012Z - normal: Simulator: JS: click connect
2019-03-02T11:23:27.099Z - normal: Simulator: JS: connected ws://test.9966886699.com:8086/game
2019-03-02T11:23:27.100Z - normal: Simulator: JS: xxxxxxxxx
2019-03-02T11:23:33.127Z - normal: Simulator: ScriptEngine::cleanup begin ...
2019-03-02T11:23:33.128Z - normal: Simulator: GC begin ..., (js->native map) size: 30, all objects: 70
2019-03-02T11:23:33.168Z - normal: Simulator: GC end ..., (js->native map) size: 30, all objects: 70
2019-03-02T11:23:33.168Z - normal: Simulator: GC begin ..., (js->native map) size: 30, all objects: 70
2019-03-02T11:23:33.206Z - normal: Simulator: GC end ..., (js->native map) size: 30, all objects: 70
2019-03-02T11:23:33.207Z - normal: Simulator: Destroy WebGLTexture (13) by GC
2019-03-02T11:23:33.207Z - normal: Simulator: Destroy WebGLProgram (3) by GC
2019-03-02T11:23:33.207Z - normal: Simulator: Destroy WebGLTexture (11) by GC
2019-03-02T11:23:33.208Z - normal: Simulator: Destroy WebGLTexture (10) by GC
2019-03-02T11:23:33.208Z - normal: Simulator: Destroy WebGLTexture (8) by GC
2019-03-02T11:23:33.209Z - normal: Simulator: Destroy WebGLBuffer (5) by GC
2019-03-02T11:23:33.209Z - normal: Simulator: Destroy WebGLBuffer (7) by GC
2019-03-02T11:23:33.210Z - normal: Simulator: Destroy WebGLTexture (4) by GC
2019-03-02T11:23:33.210Z - normal: Simulator: Destroy WebGLTexture (3) by GC
2019-03-02T11:23:33.210Z - normal: Simulator: Destroy WebGLTexture (2) by GC
2019-03-02T11:23:33.210Z - normal: Simulator: Destroy WebGLTexture (7) by GC
2019-03-02T11:23:33.210Z - normal: Simulator: Destroy WebGLFramebuffer (1) by GC
2019-03-02T11:23:33.210Z - normal: Simulator: Destroy WebGLTexture (9) by GC
2019-03-02T11:23:33.210Z - normal: Simulator: Destroy WebGLTexture (12) by GC
2019-03-02T11:23:33.211Z - normal: Simulator: Destroy WebGLBuffer (8) by GC
2019-03-02T11:23:33.211Z - normal: Simulator: Destroy WebGLTexture (6) by GC
2019-03-02T11:23:33.211Z - normal: Simulator: Destroy WebGLBuffer (6) by GC
2019-03-02T11:23:33.211Z - normal: Simulator: Destroy WebGLTexture (5) by GC
2019-03-02T11:23:33.211Z - normal: Simulator: Destroy WebGLBuffer (4) by GC
2019-03-02T11:23:33.211Z - normal: Simulator: Destroy WebGLBuffer (3) by GC
2019-03-02T11:23:33.212Z - normal: Simulator: Destroy WebGLTexture (1) by GC
2019-03-02T11:23:33.212Z - normal: Simulator: Destroy WebGLBuffer (2) by GC
2019-03-02T11:23:33.212Z - normal: Simulator: Destroy WebGLBuffer (1) by GC
2019-03-02T11:23:33.212Z - normal: Simulator: GC begin ..., (js->native map) size: 0, all objects: 0
2019-03-02T11:23:33.246Z - normal: Simulator: GC end ..., (js->native map) size: 0, all objects: 0
2019-03-02T11:23:33.251Z - normal: Simulator: ScriptEngine::cleanup end ...
2019-03-02T11:24:25.693Z - normal: Simulator: WORKAREA WIDTH 1612.00, HEIGHT 1005.00
2019-03-02T11:24:25.694Z - normal: Simulator: FRAME SCALE = 1.00
2019-03-02T11:24:25.768Z - normal: Simulator: GLFWError #65544 Happen, Cocoa: Failed to retrieve display name
2019-03-02T11:24:25.768Z - normal: Simulator: 
2019-03-02T11:24:25.769Z - normal: Simulator: {
2019-03-02T11:24:25.769Z - normal: Simulator: 	build_type: DEBUG
2019-03-02T11:24:25.769Z - normal: Simulator: 	gl.vendor: ATI Technologies Inc.
2019-03-02T11:24:25.769Z - normal: Simulator: 	gl.supports_PVRTC: false
2019-03-02T11:24:25.769Z - normal: Simulator: 	gl.renderer: AMD Radeon Pro 560 OpenGL Engine
2019-03-02T11:24:25.770Z - normal: Simulator: 	gl.supports_ATITC: false
2019-03-02T11:24:25.770Z - normal: Simulator: 	gl.supports_discard_framebuffer: false
2019-03-02T11:24:25.770Z - normal: Simulator: 	gl.supports_NPOT: true
2019-03-02T11:24:25.770Z - normal: Simulator: 	gl.max_texture_units: 16
2019-03-02T11:24:25.770Z - normal: Simulator: 	gl.supports_ETC1: false
2019-03-02T11:24:25.771Z - normal: Simulator: 	gl.max_texture_size: 16384
2019-03-02T11:24:25.771Z - normal: Simulator: 	gl.supports_BGRA8888: false
2019-03-02T11:24:25.771Z - normal: Simulator: 	gl.supports_vertex_array_object: true
2019-03-02T11:24:25.771Z - normal: Simulator: 	gl.supports_OES_map_buffer: false
2019-03-02T11:24:25.782Z - normal: Simulator: 	compiled_with_gl_state_cache: true
2019-03-02T11:24:25.782Z - normal: Simulator: 	gl.supports_OES_packed_depth_stencil: false
2019-03-02T11:24:25.783Z - normal: Simulator: 	gl.version: 2.1 ATI-2.2.8
2019-03-02T11:24:25.783Z - normal: Simulator: 	gl.supports_S3TC: true
2019-03-02T11:24:25.783Z - normal: Simulator: 	compiled_with_profiler: false
2019-03-02T11:24:25.783Z - normal: Simulator: 	gl.supports_OES_depth24: false
2019-03-02T11:24:25.783Z - normal: Simulator: }
2019-03-02T11:24:25.812Z - normal: Simulator: Project Config:
2019-03-02T11:24:25.812Z - normal: Simulator:     project dir: /Applications/CocosCreator.app/Contents/Resources/cocos2d-x/simulator/mac/Simulator.app/Contents/Resources/
2019-03-02T11:24:25.812Z - normal: Simulator:     writable path: $(PROJDIR)/
2019-03-02T11:24:25.813Z - normal: Simulator:     script file: $(PROJDIR)/main.js
2019-03-02T11:24:25.813Z - normal: Simulator:     frame size: 960 x 640
2019-03-02T11:24:25.813Z - normal: Simulator:     frame scale: 1.00
2019-03-02T11:24:25.813Z - normal: Simulator:     show console: NO
2019-03-02T11:24:25.814Z - normal: Simulator:     write debug log: NO ()
2019-03-02T11:24:25.814Z - normal: Simulator:     listen: 
2019-03-02T11:24:25.814Z - normal: Simulator:     debugger: none
2019-03-02T11:24:25.814Z - normal: Simulator:     add searching path:
2019-03-02T11:24:25.814Z - normal: Simulator: resetDesignResolution request
2019-03-02T11:24:25.815Z - normal: Simulator: ------------------------------------------------
2019-03-02T11:24:25.815Z - normal: Simulator: LOAD Js FILE: jsb-adapter/jsb-builtin.js
2019-03-02T11:24:25.815Z - normal: Simulator: ------------------------------------------------
2019-03-02T11:24:25.817Z - normal: Simulator: Initializing V8, version: 6.0.286.52
2019-03-02T11:24:26.060Z - normal: Simulator: libuv version: 1.23.1-dev
2019-03-02T11:24:26.060Z - normal: Simulator: Debugger listening..., visit [ chrome-devtools://devtools/bundled/inspector.html?v8only=true&ws=0.0.0.0:5086/00010002-0003-4004-8005-000600070008 ] in chrome browser to debug!
2019-03-02T11:24:26.061Z - normal: Simulator: For help see https://nodejs.org/en/docs/inspector
2019-03-02T11:24:26.088Z - normal: Simulator: JS: Enable batch GL commands optimization!
2019-03-02T11:24:26.089Z - normal: Simulator: resetDesignResolution request
2019-03-02T11:24:26.089Z - normal: Simulator: ------------------------------------------------
2019-03-02T11:24:26.089Z - normal: Simulator: LOAD Js FILE: main.js
2019-03-02T11:24:26.090Z - normal: Simulator: ------------------------------------------------
2019-03-02T11:24:26.404Z - normal: Simulator: iShow!
2019-03-02T11:24:26.502Z - normal: Simulator: glGetIntegerv: pname: 0x8b4c
2019-03-02T11:24:26.509Z - normal: Simulator: JS: Cocos Creator v2.1.0
2019-03-02T11:24:26.588Z - normal: Simulator: JS: [WARN]: The 'cc.eventManager' will be removed in v2.0, please use 'cc.EventTarget or cc.systemEvent' instead.
2019-03-02T11:24:29.177Z - normal: Simulator: Debugger attached.
2019-03-02T11:25:03.551Z - normal: Simulator: ScriptEngine::cleanup begin ...
2019-03-02T11:25:03.551Z - normal: Simulator: GC begin ..., (js->native map) size: 28, all objects: 68
2019-03-02T11:25:03.591Z - normal: Simulator: GC end ..., (js->native map) size: 28, all objects: 68
2019-03-02T11:25:03.591Z - normal: Simulator: GC begin ..., (js->native map) size: 28, all objects: 68
2019-03-02T11:25:03.630Z - normal: Simulator: GC end ..., (js->native map) size: 28, all objects: 68
2019-03-02T11:25:03.630Z - normal: Simulator: Destroy WebGLFramebuffer (1) by GC
2019-03-02T11:25:03.631Z - normal: Simulator: Destroy WebGLTexture (12) by GC
2019-03-02T11:25:03.631Z - normal: Simulator: Destroy WebGLBuffer (1) by GC
2019-03-02T11:25:03.632Z - normal: Simulator: Destroy WebGLTexture (6) by GC
2019-03-02T11:25:03.632Z - normal: Simulator: Destroy WebGLTexture (8) by GC
2019-03-02T11:25:03.632Z - normal: Simulator: Destroy WebGLTexture (2) by GC
2019-03-02T11:25:03.633Z - normal: Simulator: Destroy WebGLTexture (7) by GC
2019-03-02T11:25:03.634Z - normal: Simulator: Destroy WebGLTexture (10) by GC
2019-03-02T11:25:03.634Z - normal: Simulator: Destroy WebGLTexture (3) by GC
2019-03-02T11:25:03.635Z - normal: Simulator: Destroy WebGLBuffer (4) by GC
2019-03-02T11:25:03.635Z - normal: Simulator: Destroy WebGLTexture (1) by GC
2019-03-02T11:25:03.635Z - normal: Simulator: Destroy WebGLBuffer (8) by GC
2019-03-02T11:25:03.635Z - normal: Simulator: Destroy WebGLTexture (11) by GC
2019-03-02T11:25:03.635Z - normal: Simulator: Destroy WebGLBuffer (7) by GC
2019-03-02T11:25:03.636Z - normal: Simulator: Destroy WebGLBuffer (6) by GC
2019-03-02T11:25:03.636Z - normal: Simulator: Destroy WebGLTexture (5) by GC
2019-03-02T11:25:03.636Z - normal: Simulator: Destroy WebGLBuffer (2) by GC
2019-03-02T11:25:03.636Z - normal: Simulator: Destroy WebGLTexture (9) by GC
2019-03-02T11:25:03.636Z - normal: Simulator: Destroy WebGLTexture (4) by GC
2019-03-02T11:25:03.637Z - normal: Simulator: Destroy WebGLBuffer (5) by GC
2019-03-02T11:25:03.637Z - normal: Simulator: Destroy WebGLBuffer (3) by GC
2019-03-02T11:25:03.637Z - normal: Simulator: Destroy WebGLProgram (3) by GC
2019-03-02T11:25:03.637Z - normal: Simulator: GC begin ..., (js->native map) size: 0, all objects: 0
2019-03-02T11:25:03.671Z - normal: Simulator: GC end ..., (js->native map) size: 0, all objects: 0
2019-03-02T11:25:03.675Z - normal: Simulator: ScriptEngine::cleanup end ...
2019-03-02T11:25:11.183Z - normal: Simulator: WORKAREA WIDTH 1612.00, HEIGHT 1005.00
2019-03-02T11:25:11.183Z - normal: Simulator: FRAME SCALE = 1.00
2019-03-02T11:25:11.257Z - normal: Simulator: GLFWError #65544 Happen, Cocoa: Failed to retrieve display name
2019-03-02T11:25:11.258Z - normal: Simulator: 
2019-03-02T11:25:11.273Z - normal: Simulator: {
2019-03-02T11:25:11.273Z - normal: Simulator: 	build_type: DEBUG
2019-03-02T11:25:11.273Z - normal: Simulator: 	gl.vendor: ATI Technologies Inc.
2019-03-02T11:25:11.273Z - normal: Simulator: 	gl.supports_PVRTC: false
2019-03-02T11:25:11.274Z - normal: Simulator: 	gl.renderer: AMD Radeon Pro 560 OpenGL Engine
2019-03-02T11:25:11.274Z - normal: Simulator: 	gl.supports_ATITC: false
2019-03-02T11:25:11.275Z - normal: Simulator: 	gl.supports_discard_framebuffer: false
2019-03-02T11:25:11.276Z - normal: Simulator: 	gl.supports_NPOT: true
2019-03-02T11:25:11.276Z - normal: Simulator: 	gl.max_texture_units: 16
2019-03-02T11:25:11.276Z - normal: Simulator: 	gl.supports_ETC1: false
2019-03-02T11:25:11.276Z - normal: Simulator: 	gl.max_texture_size: 16384
2019-03-02T11:25:11.277Z - normal: Simulator: 	gl.supports_BGRA8888: false
2019-03-02T11:25:11.277Z - normal: Simulator: 	gl.supports_vertex_array_object: true
2019-03-02T11:25:11.277Z - normal: Simulator: 	gl.supports_OES_map_buffer: false
2019-03-02T11:25:11.277Z - normal: Simulator: 	compiled_with_gl_state_cache: true
2019-03-02T11:25:11.277Z - normal: Simulator: 	gl.supports_OES_packed_depth_stencil: false
2019-03-02T11:25:11.278Z - normal: Simulator: 	gl.version: 2.1 ATI-2.2.8
2019-03-02T11:25:11.278Z - normal: Simulator: 	gl.supports_S3TC: true
2019-03-02T11:25:11.279Z - normal: Simulator: 	compiled_with_profiler: false
2019-03-02T11:25:11.279Z - normal: Simulator: 	gl.supports_OES_depth24: false
2019-03-02T11:25:11.279Z - normal: Simulator: }
2019-03-02T11:25:11.306Z - normal: Simulator: Project Config:
2019-03-02T11:25:11.307Z - normal: Simulator:     project dir: /Applications/CocosCreator.app/Contents/Resources/cocos2d-x/simulator/mac/Simulator.app/Contents/Resources/
2019-03-02T11:25:11.307Z - normal: Simulator:     writable path: $(PROJDIR)/
2019-03-02T11:25:11.308Z - normal: Simulator:     script file: $(PROJDIR)/main.js
2019-03-02T11:25:11.308Z - normal: Simulator:     frame size: 960 x 640
2019-03-02T11:25:11.308Z - normal: Simulator:     frame scale: 1.00
2019-03-02T11:25:11.308Z - normal: Simulator:     show console: NO
2019-03-02T11:25:11.308Z - normal: Simulator:     write debug log: NO ()
2019-03-02T11:25:11.308Z - normal: Simulator:     listen: 
2019-03-02T11:25:11.309Z - normal: Simulator:     debugger: none
2019-03-02T11:25:11.309Z - normal: Simulator:     add searching path:
2019-03-02T11:25:11.309Z - normal: Simulator: resetDesignResolution request
2019-03-02T11:25:11.309Z - normal: Simulator: ------------------------------------------------
2019-03-02T11:25:11.309Z - normal: Simulator: LOAD Js FILE: jsb-adapter/jsb-builtin.js
2019-03-02T11:25:11.309Z - normal: Simulator: ------------------------------------------------
2019-03-02T11:25:11.310Z - normal: Simulator: Initializing V8, version: 6.0.286.52
2019-03-02T11:25:11.537Z - normal: Simulator: libuv version: 1.23.1-dev
2019-03-02T11:25:11.537Z - normal: Simulator: Debugger listening..., visit [ chrome-devtools://devtools/bundled/inspector.html?v8only=true&ws=0.0.0.0:5086/00010002-0003-4004-8005-000600070008 ] in chrome browser to debug!
2019-03-02T11:25:11.538Z - normal: Simulator: For help see https://nodejs.org/en/docs/inspector
2019-03-02T11:25:11.567Z - normal: Simulator: JS: Enable batch GL commands optimization!
2019-03-02T11:25:11.568Z - normal: Simulator: resetDesignResolution request
2019-03-02T11:25:11.568Z - normal: Simulator: ------------------------------------------------
2019-03-02T11:25:11.568Z - normal: Simulator: LOAD Js FILE: main.js
2019-03-02T11:25:11.569Z - normal: Simulator: ------------------------------------------------
2019-03-02T11:25:11.884Z - normal: Simulator: iShow!
2019-03-02T11:25:11.981Z - normal: Simulator: glGetIntegerv: pname: 0x8b4c
2019-03-02T11:25:11.990Z - normal: Simulator: JS: Cocos Creator v2.1.0
2019-03-02T11:25:12.068Z - normal: Simulator: JS: [WARN]: The 'cc.eventManager' will be removed in v2.0, please use 'cc.EventTarget or cc.systemEvent' instead.
2019-03-02T11:25:14.620Z - normal: Simulator: Debugger attached.
2019-03-02T11:25:27.562Z - normal: Simulator: ScriptEngine::cleanup begin ...
2019-03-02T11:25:27.562Z - normal: Simulator: GC begin ..., (js->native map) size: 28, all objects: 67
2019-03-02T11:25:27.608Z - normal: Simulator: GC end ..., (js->native map) size: 28, all objects: 67
2019-03-02T11:25:27.609Z - normal: Simulator: GC begin ..., (js->native map) size: 28, all objects: 67
2019-03-02T11:25:27.655Z - normal: Simulator: GC end ..., (js->native map) size: 28, all objects: 67
2019-03-02T11:25:27.656Z - normal: Simulator: Destroy WebGLProgram (3) by GC
2019-03-02T11:25:27.656Z - normal: Simulator: Destroy WebGLFramebuffer (1) by GC
2019-03-02T11:25:27.656Z - normal: Simulator: Destroy WebGLTexture (12) by GC
2019-03-02T11:25:27.657Z - normal: Simulator: Destroy WebGLBuffer (7) by GC
2019-03-02T11:25:27.658Z - normal: Simulator: Destroy WebGLTexture (8) by GC
2019-03-02T11:25:27.658Z - normal: Simulator: Destroy WebGLTexture (10) by GC
2019-03-02T11:25:27.658Z - normal: Simulator: Destroy WebGLTexture (7) by GC
2019-03-02T11:25:27.658Z - normal: Simulator: Destroy WebGLBuffer (5) by GC
2019-03-02T11:25:27.659Z - normal: Simulator: Destroy WebGLTexture (9) by GC
2019-03-02T11:25:27.659Z - normal: Simulator: Destroy WebGLTexture (6) by GC
2019-03-02T11:25:27.659Z - normal: Simulator: Destroy WebGLBuffer (6) by GC
2019-03-02T11:25:27.660Z - normal: Simulator: Destroy WebGLTexture (5) by GC
2019-03-02T11:25:27.660Z - normal: Simulator: Destroy WebGLTexture (4) by GC
2019-03-02T11:25:27.663Z - normal: Simulator: Destroy WebGLBuffer (3) by GC
2019-03-02T11:25:27.663Z - normal: Simulator: Destroy WebGLBuffer (4) by GC
2019-03-02T11:25:27.663Z - normal: Simulator: Destroy WebGLTexture (1) by GC
2019-03-02T11:25:27.663Z - normal: Simulator: Destroy WebGLBuffer (8) by GC
2019-03-02T11:25:27.663Z - normal: Simulator: Destroy WebGLTexture (3) by GC
2019-03-02T11:25:27.664Z - normal: Simulator: Destroy WebGLTexture (11) by GC
2019-03-02T11:25:27.664Z - normal: Simulator: Destroy WebGLTexture (2) by GC
2019-03-02T11:25:27.664Z - normal: Simulator: Destroy WebGLBuffer (2) by GC
2019-03-02T11:25:27.664Z - normal: Simulator: Destroy WebGLBuffer (1) by GC
2019-03-02T11:25:27.664Z - normal: Simulator: GC begin ..., (js->native map) size: 0, all objects: 0
2019-03-02T11:25:27.703Z - normal: Simulator: GC end ..., (js->native map) size: 0, all objects: 0
2019-03-02T11:25:27.707Z - normal: Simulator: ScriptEngine::cleanup end ...
2019-03-02T11:25:59.886Z - normal: Simulator: WORKAREA WIDTH 1612.00, HEIGHT 1005.00
2019-03-02T11:25:59.888Z - normal: Simulator: FRAME SCALE = 1.00
2019-03-02T11:25:59.959Z - normal: Simulator: GLFWError #65544 Happen, Cocoa: Failed to retrieve display name
2019-03-02T11:25:59.960Z - normal: Simulator: 
2019-03-02T11:25:59.960Z - normal: Simulator: {
2019-03-02T11:25:59.960Z - normal: Simulator: 	build_type: DEBUG
2019-03-02T11:25:59.973Z - normal: Simulator: 	gl.vendor: ATI Technologies Inc.
2019-03-02T11:25:59.973Z - normal: Simulator: 	gl.supports_PVRTC: false
2019-03-02T11:25:59.973Z - normal: Simulator: 	gl.renderer: AMD Radeon Pro 560 OpenGL Engine
2019-03-02T11:25:59.974Z - normal: Simulator: 	gl.supports_ATITC: false
2019-03-02T11:25:59.974Z - normal: Simulator: 	gl.supports_discard_framebuffer: false
2019-03-02T11:25:59.974Z - normal: Simulator: 	gl.supports_NPOT: true
2019-03-02T11:25:59.974Z - normal: Simulator: 	gl.max_texture_units: 16
2019-03-02T11:25:59.974Z - normal: Simulator: 	gl.supports_ETC1: false
2019-03-02T11:25:59.974Z - normal: Simulator: 	gl.max_texture_size: 16384
2019-03-02T11:25:59.975Z - normal: Simulator: 	gl.supports_BGRA8888: false
2019-03-02T11:25:59.975Z - normal: Simulator: 	gl.supports_vertex_array_object: true
2019-03-02T11:25:59.975Z - normal: Simulator: 	gl.supports_OES_map_buffer: false
2019-03-02T11:25:59.976Z - normal: Simulator: 	compiled_with_gl_state_cache: true
2019-03-02T11:25:59.976Z - normal: Simulator: 	gl.supports_OES_packed_depth_stencil: false
2019-03-02T11:25:59.976Z - normal: Simulator: 	gl.version: 2.1 ATI-2.2.8
2019-03-02T11:25:59.976Z - normal: Simulator: 	gl.supports_S3TC: true
2019-03-02T11:25:59.976Z - normal: Simulator: 	compiled_with_profiler: false
2019-03-02T11:25:59.976Z - normal: Simulator: 	gl.supports_OES_depth24: false
2019-03-02T11:25:59.977Z - normal: Simulator: }
2019-03-02T11:26:00.006Z - normal: Simulator: Project Config:
2019-03-02T11:26:00.006Z - normal: Simulator:     project dir: /Applications/CocosCreator.app/Contents/Resources/cocos2d-x/simulator/mac/Simulator.app/Contents/Resources/
2019-03-02T11:26:00.007Z - normal: Simulator:     writable path: $(PROJDIR)/
2019-03-02T11:26:00.007Z - normal: Simulator:     script file: $(PROJDIR)/main.js
2019-03-02T11:26:00.008Z - normal: Simulator:     frame size: 960 x 640
2019-03-02T11:26:00.008Z - normal: Simulator:     frame scale: 1.00
2019-03-02T11:26:00.008Z - normal: Simulator:     show console: NO
2019-03-02T11:26:00.008Z - normal: Simulator:     write debug log: NO ()
2019-03-02T11:26:00.008Z - normal: Simulator:     listen: 
2019-03-02T11:26:00.009Z - normal: Simulator:     debugger: none
2019-03-02T11:26:00.009Z - normal: Simulator:     add searching path:
2019-03-02T11:26:00.009Z - normal: Simulator: resetDesignResolution request
2019-03-02T11:26:00.009Z - normal: Simulator: ------------------------------------------------
2019-03-02T11:26:00.009Z - normal: Simulator: LOAD Js FILE: jsb-adapter/jsb-builtin.js
2019-03-02T11:26:00.009Z - normal: Simulator: ------------------------------------------------
2019-03-02T11:26:00.009Z - normal: Simulator: Initializing V8, version: 6.0.286.52
2019-03-02T11:26:00.251Z - normal: Simulator: libuv version: 1.23.1-dev
2019-03-02T11:26:00.252Z - normal: Simulator: Debugger listening..., visit [ chrome-devtools://devtools/bundled/inspector.html?v8only=true&ws=0.0.0.0:5086/00010002-0003-4004-8005-000600070008 ] in chrome browser to debug!
2019-03-02T11:26:00.252Z - normal: Simulator: For help see https://nodejs.org/en/docs/inspector
2019-03-02T11:26:00.282Z - normal: Simulator: JS: Enable batch GL commands optimization!
2019-03-02T11:26:00.283Z - normal: Simulator: resetDesignResolution request
2019-03-02T11:26:00.283Z - normal: Simulator: ------------------------------------------------
2019-03-02T11:26:00.283Z - normal: Simulator: LOAD Js FILE: main.js
2019-03-02T11:26:00.283Z - normal: Simulator: ------------------------------------------------
2019-03-02T11:26:00.599Z - normal: Simulator: iShow!
2019-03-02T11:26:00.702Z - normal: Simulator: glGetIntegerv: pname: 0x8b4c
2019-03-02T11:26:00.710Z - normal: Simulator: JS: Cocos Creator v2.1.0
2019-03-02T11:26:00.789Z - normal: Simulator: JS: [WARN]: The 'cc.eventManager' will be removed in v2.0, please use 'cc.EventTarget or cc.systemEvent' instead.
2019-03-02T11:26:04.876Z - normal: Simulator: ScriptEngine::cleanup begin ...
2019-03-02T11:26:04.877Z - normal: Simulator: GC begin ..., (js->native map) size: 28, all objects: 67
2019-03-02T11:26:04.919Z - normal: Simulator: GC end ..., (js->native map) size: 28, all objects: 67
2019-03-02T11:26:04.919Z - normal: Simulator: GC begin ..., (js->native map) size: 28, all objects: 67
2019-03-02T11:26:04.960Z - normal: Simulator: GC end ..., (js->native map) size: 28, all objects: 67
2019-03-02T11:26:04.960Z - normal: Simulator: Destroy WebGLFramebuffer (1) by GC
2019-03-02T11:26:04.960Z - normal: Simulator: Destroy WebGLTexture (12) by GC
2019-03-02T11:26:04.961Z - normal: Simulator: Destroy WebGLBuffer (2) by GC
2019-03-02T11:26:04.961Z - normal: Simulator: Destroy WebGLTexture (11) by GC
2019-03-02T11:26:04.961Z - normal: Simulator: Destroy WebGLTexture (10) by GC
2019-03-02T11:26:04.962Z - normal: Simulator: Destroy WebGLTexture (9) by GC
2019-03-02T11:26:04.962Z - normal: Simulator: Destroy WebGLTexture (6) by GC
2019-03-02T11:26:04.962Z - normal: Simulator: Destroy WebGLProgram (3) by GC
2019-03-02T11:26:04.963Z - normal: Simulator: Destroy WebGLBuffer (3) by GC
2019-03-02T11:26:04.963Z - normal: Simulator: Destroy WebGLTexture (7) by GC
2019-03-02T11:26:04.964Z - normal: Simulator: Destroy WebGLTexture (3) by GC
2019-03-02T11:26:04.964Z - normal: Simulator: Destroy WebGLBuffer (7) by GC
2019-03-02T11:26:04.964Z - normal: Simulator: Destroy WebGLTexture (1) by GC
2019-03-02T11:26:04.964Z - normal: Simulator: Destroy WebGLTexture (4) by GC
2019-03-02T11:26:04.964Z - normal: Simulator: Destroy WebGLBuffer (8) by GC
2019-03-02T11:26:04.965Z - normal: Simulator: Destroy WebGLTexture (5) by GC
2019-03-02T11:26:04.965Z - normal: Simulator: Destroy WebGLBuffer (5) by GC
2019-03-02T11:26:04.965Z - normal: Simulator: Destroy WebGLBuffer (6) by GC
2019-03-02T11:26:04.965Z - normal: Simulator: Destroy WebGLBuffer (4) by GC
2019-03-02T11:26:04.965Z - normal: Simulator: Destroy WebGLTexture (2) by GC
2019-03-02T11:26:04.965Z - normal: Simulator: Destroy WebGLTexture (8) by GC
2019-03-02T11:26:04.966Z - normal: Simulator: Destroy WebGLBuffer (1) by GC
2019-03-02T11:26:04.966Z - normal: Simulator: GC begin ..., (js->native map) size: 0, all objects: 0
2019-03-02T11:26:05.002Z - normal: Simulator: GC end ..., (js->native map) size: 0, all objects: 0
2019-03-02T11:26:05.003Z - normal: Simulator: Debugger attached.
2019-03-02T11:26:05.004Z - error: Simulator: Received signal 11
    at HTMLElement.print-simulator-log (/Applications/CocosCreator.app/Contents/Resources/app.asar/editor/builtin/scene/panel/messages/scene.js:1:1653)
    at Object.e._dispatch (/Applications/CocosCreator.app/Contents/Resources/app.asar/editor-framework/lib/renderer/panel.js:1:1941)
    at EventEmitter.o.on.s (/Applications/CocosCreator.app/Contents/Resources/app.asar/editor-framework/lib/renderer/ipc.js:1:2917)
    at emitMany (events.js:127:13)
    at EventEmitter.emit (events.js:204:7)
2019-03-02T11:26:05.005Z - error: Simulator:  SEGV_MAPERR 700004e2fd68

==== C stack trace ===============================

 [0x00010469e444]
 [0x7fff618c1b3d]
 [0x7fca4b004008]
 [0x0001039bc6b0]
 [0x0001039bf212]
 [0x000103ac0583]
 [0x000103ac03f4]
 [0x00010472fbbd]
 [0x0001046df404]
 [0x00010473ce05]
 [0x000104730a6c]
 [0x00010473c3e0]
 [0x0001046e341b]
 [0x0001046e02d0]
 [0x0001046a9ca9]
 [0x000104730aa9]
 [0x000103ac08ee]
 [0x000103ab4813]
 [0x000103ab4763]
 [0x0001039bb123]
 [0x0001039bc4f9]
 [0x000103ab31f3]
 [0x000103a27355]
 [0x000103a26b09]
 [0x000103a261f5]
 [0x000103a261c6]
 [0x0001038b86e2]
 [0x0001038d6d8c]
 [0x00010389de05]
 [0x00010389de55]
 [0x00010389de79]
 [0x00010389338e]
 [0x7fff3455f3f2]
 [0x7fff3455f36c]
 [0x7fff3455f28d]
 [0x7fff345676d9]
 [0x7fff344cee8a]
 [0x7fff344ce24d]
 [0x7fff3685698b]
 [0x7fff31c5776c]
 [0x00010388adf7]
 [0x00010388ae5e]
 [0x00010389beb9]
 [0x00010389a28d]
 [0x000103899de9]
 [0x0001039a100e]
 [0x00010399cd0e]
 [0x0001038fb61b]
 [0x7fff31d492cf]
 [0x7fff31da633f]
 [0x7fff31da60b2]
 [0x7fff31e0a71e]
 [0x7fff31e0a689]
 [0x7fff31e0a4b7]
 [0x7fff31d7470d]
 [0x7fff33791b79]
 [0x7fff33790eb6]
 [0x7fff337ae31d]
 [0x7fff338013ef]
 [0x7fff33829b36]
 [0x7fff33829ae8]
 [0x7fff338299cd]
[end of stack trace]
    at HTMLElement.print-simulator-log (/Applications/CocosCreator.app/Contents/Resources/app.asar/editor/builtin/scene/panel/messages/scene.js:1:1653)
    at Object.e._dispatch (/Applications/CocosCreator.app/Contents/Resources/app.asar/editor-framework/lib/renderer/panel.js:1:1941)
    at EventEmitter.o.on.s (/Applications/CocosCreator.app/Contents/Resources/app.asar/editor-framework/lib/renderer/ipc.js:1:2917)
    at emitMany (events.js:127:13)
    at EventEmitter.emit (events.js:204:7)
2019-03-02T11:28:52.224Z - warn: 'cc.Node.rotation' is deprecated, please use 'cc.Node.angle' instead.
2019-03-02T11:28:52.225Z - warn: 'cc.Node.rotationX' is deprecated, please use 'cc.Node.eulerAngles' instead.
2019-03-02T11:28:52.226Z - warn: 'cc.Node.rotationY' is deprecated, please use 'cc.Node.eulerAngles' instead.
2019-03-02T11:28:52.227Z - warn: 'cc.Node.rotation' is deprecated, please use 'cc.Node.angle' instead.
2019-03-02T11:28:52.227Z - warn: 'cc.Node.rotationX' is deprecated, please use 'cc.Node.eulerAngles' instead.
2019-03-02T11:28:52.227Z - warn: 'cc.Node.rotationY' is deprecated, please use 'cc.Node.eulerAngles' instead.
2019-03-02T11:29:19.842Z - normal: Simulator: WORKAREA WIDTH 1615.00, HEIGHT 1005.00
2019-03-02T11:29:19.843Z - normal: Simulator: FRAME SCALE = 1.00
2019-03-02T11:29:19.909Z - normal: Simulator: GLFWError #65544 Happen, Cocoa: Failed to retrieve display name
2019-03-02T11:29:19.910Z - normal: Simulator: 
2019-03-02T11:29:19.910Z - normal: Simulator: {
2019-03-02T11:29:19.910Z - normal: Simulator: 	build_type: DEBUG
2019-03-02T11:29:19.925Z - normal: Simulator: 	gl.vendor: ATI Technologies Inc.
2019-03-02T11:29:19.925Z - normal: Simulator: 	gl.supports_PVRTC: false
2019-03-02T11:29:19.925Z - normal: Simulator: 	gl.renderer: AMD Radeon Pro 560 OpenGL Engine
2019-03-02T11:29:19.925Z - normal: Simulator: 	gl.supports_ATITC: false
2019-03-02T11:29:19.926Z - normal: Simulator: 	gl.supports_discard_framebuffer: false
2019-03-02T11:29:19.926Z - normal: Simulator: 	gl.supports_NPOT: true
2019-03-02T11:29:19.926Z - normal: Simulator: 	gl.max_texture_units: 16
2019-03-02T11:29:19.926Z - normal: Simulator: 	gl.supports_ETC1: false
2019-03-02T11:29:19.926Z - normal: Simulator: 	gl.max_texture_size: 16384
2019-03-02T11:29:19.927Z - normal: Simulator: 	gl.supports_BGRA8888: false
2019-03-02T11:29:19.927Z - normal: Simulator: 	gl.supports_vertex_array_object: true
2019-03-02T11:29:19.927Z - normal: Simulator: 	gl.supports_OES_map_buffer: false
2019-03-02T11:29:19.927Z - normal: Simulator: 	compiled_with_gl_state_cache: true
2019-03-02T11:29:19.927Z - normal: Simulator: 	gl.supports_OES_packed_depth_stencil: false
2019-03-02T11:29:19.927Z - normal: Simulator: 	gl.version: 2.1 ATI-2.2.8
2019-03-02T11:29:19.927Z - normal: Simulator: 	gl.supports_S3TC: true
2019-03-02T11:29:19.928Z - normal: Simulator: 	compiled_with_profiler: false
2019-03-02T11:29:19.928Z - normal: Simulator: 	gl.supports_OES_depth24: false
2019-03-02T11:29:19.928Z - normal: Simulator: }
2019-03-02T11:29:19.952Z - normal: Simulator: Project Config:
2019-03-02T11:29:19.952Z - normal: Simulator:     project dir: /Applications/CocosCreator.app/Contents/Resources/cocos2d-x/simulator/mac/Simulator.app/Contents/Resources/
2019-03-02T11:29:19.952Z - normal: Simulator:     writable path: $(PROJDIR)/
2019-03-02T11:29:19.952Z - normal: Simulator:     script file: $(PROJDIR)/main.js
2019-03-02T11:29:19.953Z - normal: Simulator:     frame size: 960 x 640
2019-03-02T11:29:19.953Z - normal: Simulator:     frame scale: 1.00
2019-03-02T11:29:19.953Z - normal: Simulator:     show console: NO
2019-03-02T11:29:19.953Z - normal: Simulator:     write debug log: NO ()
2019-03-02T11:29:19.954Z - normal: Simulator:     listen: 
2019-03-02T11:29:19.954Z - normal: Simulator:     debugger: none
2019-03-02T11:29:19.954Z - normal: Simulator:     add searching path:
2019-03-02T11:29:19.954Z - normal: Simulator: resetDesignResolution request
2019-03-02T11:29:19.955Z - normal: Simulator: ------------------------------------------------
2019-03-02T11:29:19.955Z - normal: Simulator: LOAD Js FILE: jsb-adapter/jsb-builtin.js
2019-03-02T11:29:19.955Z - normal: Simulator: ------------------------------------------------
2019-03-02T11:29:19.955Z - normal: Simulator: Initializing V8, version: 6.0.286.52
2019-03-02T11:29:20.204Z - normal: Simulator: libuv version: 1.23.1-dev
2019-03-02T11:29:20.204Z - error: Simulator: Starting inspector on 0.0.0.0:5086 failed: address already in use
    at HTMLElement.print-simulator-log (/Applications/CocosCreator.app/Contents/Resources/app.asar/editor/builtin/scene/panel/messages/scene.js:1:1653)
    at Object.e._dispatch (/Applications/CocosCreator.app/Contents/Resources/app.asar/editor-framework/lib/renderer/panel.js:1:1941)
    at EventEmitter.o.on.s (/Applications/CocosCreator.app/Contents/Resources/app.asar/editor-framework/lib/renderer/ipc.js:1:2917)
    at emitMany (events.js:127:13)
    at EventEmitter.emit (events.js:204:7)
2019-03-02T11:29:20.205Z - error: Simulator: Assertion failed: (ok), function start, file /Users/nantas/fireball-x/cocos2d-x-lite_21/cocos/scripting/js-bindings/jswrapper/v8/ScriptEngine.cpp, line 570.
Received signal 6

==== C stack trace ===============================

 [0x00010f930444]
 [0x7fff618c1b3d]
 [0x0001123c1918]
 [0x7fff617801c9]
 [0x7fff61748868]
 [0x00010ecbe3d3]
 [0x00010eb48f89]
 [0x00010eb49769]
 [0x00010eb4912d]
 [0x00010eb678f2]
 [0x00010eb68c06]
 [0x00010eb2feec]
 [0x00010ec654c1]
 [0x00010eb1eba9]
 [0x00010eb19d5d]
 [0x7fff3455f3f2]
 [0x7fff3455f36c]
 [0x7fff3455f28d]
 [0x7fff345676d9]
 [0x7fff344cee8a]
 [0x7fff344ce24d]
 [0x7fff3685698b]
 [0x7fff31a5719e]
 [0x7fff31a56ac2]
 [0x7fff31a5441c]
 [0x7fff31a5406b]
 [0x7fff368a1054]
 [0x7fff368a0ed0]
 [0x7fff35786b93]
 [0x7fff357863fd]
 [0x7fff357862d5]
 [0x7fff3379d18e]
 [0x7fff31a50198]
 [0x7fff31a4ec56]
 [0x7fff31a48cb9]
 [0x7fff31a383f7]
 [0x00010eb34272]
 [0x7fff616d808d]
 [0x000000000009]
[end of stack trace]
    at HTMLElement.print-simulator-log (/Applications/CocosCreator.app/Contents/Resources/app.asar/editor/builtin/scene/panel/messages/scene.js:1:1653)
    at Object.e._dispatch (/Applications/CocosCreator.app/Contents/Resources/app.asar/editor-framework/lib/renderer/panel.js:1:1941)
    at EventEmitter.o.on.s (/Applications/CocosCreator.app/Contents/Resources/app.asar/editor-framework/lib/renderer/ipc.js:1:2917)
    at emitMany (events.js:127:13)
    at EventEmitter.emit (events.js:204:7)
2019-03-02T14:06:35.439Z - info: shutdown preview server
